#
# There is insufficient memory for the Java Runtime Environment to continue.
# Native memory allocation (malloc) failed to allocate 32744 bytes for ChunkPool::allocate
# Possible reasons:
#   The system is out of physical RAM or swap space
#   In 32 bit mode, the process size limit was hit
# Possible solutions:
#   Reduce memory load on the system
#   Increase physical memory or swap space
#   Check if swap backing store is full
#   Use 64 bit Java on a 64 bit OS
#   Decrease Java heap size (-Xmx/-Xms)
#   Decrease number of Java threads
#   Decrease Java thread stack sizes (-Xss)
#   Set larger code cache with -XX:ReservedCodeCacheSize=
# This output file may be truncated or incomplete.
#
#  Out of Memory Error (allocation.cpp:211), pid=11764, tid=8688
#
# JRE version: Java(TM) SE Runtime Environment (7.0_79-b15) (build 1.7.0_79-b15)
# Java VM: Java HotSpot(TM) 64-Bit Server VM (24.79-b02 mixed mode windows-amd64 compressed oops)
# Failed to write core dump. Minidumps are not enabled by default on client versions of Windows
#

---------------  T H R E A D  ---------------

Current thread (0x000000000215e000):  JavaThread "main" [_thread_in_vm, id=8688, stack(0x0000000002270000,0x0000000002370000)]

Stack: [0x0000000002270000,0x0000000002370000]
[error occurred during error reporting (printing stack bounds), id 0xc0000005]


[error occurred during error reporting (printing native stack), id 0xc0000005]

Java frames: (J=compiled Java code, j=interpreted, Vv=VM code)
j  sun.misc.URLClassPath$JarLoader.getJarFile(Ljava/net/URL;)Ljava/util/jar/JarFile;+36
j  sun.misc.URLClassPath$JarLoader.access$600(Lsun/misc/URLClassPath$JarLoader;Ljava/net/URL;)Ljava/util/jar/JarFile;+2
j  sun.misc.URLClassPath$JarLoader$1.run()Ljava/lang/Void;+55
j  sun.misc.URLClassPath$JarLoader$1.run()Ljava/lang/Object;+1
v  ~StubRoutines::call_stub
j  java.security.AccessController.doPrivileged(Ljava/security/PrivilegedExceptionAction;)Ljava/lang/Object;+0
j  sun.misc.URLClassPath$JarLoader.ensureOpen()V+15
j  sun.misc.URLClassPath$JarLoader.<init>(Ljava/net/URL;Ljava/net/URLStreamHandler;Ljava/util/HashMap;)V+137
j  sun.misc.URLClassPath$3.run()Lsun/misc/URLClassPath$Loader;+82
j  sun.misc.URLClassPath$3.run()Ljava/lang/Object;+1
v  ~StubRoutines::call_stub
j  java.security.AccessController.doPrivileged(Ljava/security/PrivilegedExceptionAction;)Ljava/lang/Object;+0
j  sun.misc.URLClassPath.getLoader(Ljava/net/URL;)Lsun/misc/URLClassPath$Loader;+9
j  sun.misc.URLClassPath.getLoader(I)Lsun/misc/URLClassPath$Loader;+87
j  sun.misc.URLClassPath.getResource(Ljava/lang/String;Z)Lsun/misc/Resource;+42
j  java.net.URLClassLoader$1.run()Ljava/lang/Class;+26
j  java.net.URLClassLoader$1.run()Ljava/lang/Object;+1
v  ~StubRoutines::call_stub
j  java.security.AccessController.doPrivileged(Ljava/security/PrivilegedExceptionAction;Ljava/security/AccessControlContext;)Ljava/lang/Object;+0
j  java.net.URLClassLoader.findClass(Ljava/lang/String;)Ljava/lang/Class;+13
j  java.lang.ClassLoader.loadClass(Ljava/lang/String;Z)Ljava/lang/Class;+70
j  sun.misc.Launcher$AppClassLoader.loadClass(Ljava/lang/String;Z)Ljava/lang/Class;+36
j  java.lang.ClassLoader.loadClass(Ljava/lang/String;)Ljava/lang/Class;+3
j  sun.launcher.LauncherHelper.checkAndLoadMain(ZILjava/lang/String;)Ljava/lang/Class;+114
v  ~StubRoutines::call_stub

---------------  P R O C E S S  ---------------

Java Threads: ( => current thread )
  0x0000000008a8d000 JavaThread "Service Thread" daemon [_thread_blocked, id=10208, stack(0x000000000b260000,0x000000000b360000)]
  0x0000000008a8b000 JavaThread "C2 CompilerThread1" daemon [_thread_blocked, id=13048, stack(0x000000000b620000,0x000000000b720000)]
  0x0000000009c46000 JavaThread "C2 CompilerThread0" daemon [_thread_blocked, id=6764, stack(0x000000000b400000,0x000000000b500000)]
  0x0000000009c45000 JavaThread "Attach Listener" daemon [_thread_blocked, id=10576, stack(0x000000000b160000,0x000000000b260000)]
  0x0000000009c44000 JavaThread "Signal Dispatcher" daemon [_thread_blocked, id=8592, stack(0x000000000ad10000,0x000000000ae10000)]
  0x0000000008a71000 JavaThread "Finalizer" daemon [_thread_blocked, id=13136, stack(0x000000000b020000,0x000000000b120000)]
  0x00000000020e6800 JavaThread "Reference Handler" daemon [_thread_blocked, id=13916, stack(0x000000000ae60000,0x000000000af60000)]
=>0x000000000215e000 JavaThread "main" [_thread_in_vm, id=8688, stack(0x0000000002270000,0x0000000002370000)]

Other Threads:
  0x0000000008a6d000 VMThread [stack: 0x000000000ab70000,0x000000000ac70000] [id=2632]
  0x0000000009c50000 WatcherThread [stack: 0x000000000b870000,0x000000000b970000] [id=4008]

VM state:not at safepoint (normal execution)

VM Mutex/Monitor currently owned by a thread: None

Heap
 PSYoungGen      total 76288K, used 2621K [0x00000000eaa80000, 0x00000000eff80000, 0x0000000100000000)
  eden space 65536K, 4% used [0x00000000eaa80000,0x00000000ead0f6b8,0x00000000eea80000)
  from space 10752K, 0% used [0x00000000ef500000,0x00000000ef500000,0x00000000eff80000)
  to   space 10752K, 0% used [0x00000000eea80000,0x00000000eea80000,0x00000000ef500000)
 ParOldGen       total 173568K, used 0K [0x00000000c0000000, 0x00000000ca980000, 0x00000000eaa80000)
  object space 173568K, 0% used [0x00000000c0000000,0x00000000c0000000,0x00000000ca980000)
 PSPermGen       total 21504K, used 2382K [0x00000000bae00000, 0x00000000bc300000, 0x00000000c0000000)
  object space 21504K, 11% used [0x00000000bae00000,0x00000000bb053bb8,0x00000000bc300000)

Card table byte_map: [0x0000000005370000,0x00000000055a0000] byte_map_base: 0x0000000004d99000

Polling page: 0x0000000001be0000

Code Cache  [0x0000000002370000, 0x00000000025e0000, 0x0000000005370000)
 total_blobs=166 nmethods=0 adapters=134 free_code_cache=48773Kb largest_free_block=49944128

Compilation events (0 events):
No events

GC Heap History (0 events):
No events

Deoptimization events (0 events):
No events

Internal exceptions (2 events):
Event: 0.809 Thread 0x000000000215e000 Threw 0x00000000eaa8f5d8 at C:\re\jdk7u79\2331\hotspot\src\share\vm\prims\jni.cpp:3991
Event: 1.087 Thread 0x000000000215e000 Threw 0x00000000eab16d58 at C:\re\jdk7u79\2331\hotspot\src\share\vm\prims\jvm.cpp:1304

Events (10 events):
Event: 1.086 loading class 0x0000000008a8abf0 done
Event: 1.086 loading class 0x0000000009c43e20
Event: 1.086 loading class 0x0000000009c43e20 done
Event: 1.087 loading class 0x0000000008891390
Event: 1.087 loading class 0x0000000008891390 done
Event: 1.087 loading class 0x0000000009c41d70
Event: 1.088 loading class 0x0000000009c41d70 done
Event: 1.088 loading class 0x0000000009c41c90
Event: 1.089 loading class 0x0000000009c41c90 done
Event: 1.089 loading class 0x00000000088e6220


Dynamic libraries:
0x000000013f6b0000 - 0x000000013f6e3000 	C:\Program Files\Java\jdk1.7.0_79\bin\java.exe
0x0000000077c20000 - 0x0000000077dc8000 	C:\Windows\SYSTEM32\ntdll.dll
0x0000000077b00000 - 0x0000000077c1f000 	C:\Windows\system32\kernel32.dll
0x000007fefdc40000 - 0x000007fefdcac000 	C:\Windows\system32\KERNELBASE.dll
0x000007fefdda0000 - 0x000007fefde7b000 	C:\Windows\system32\ADVAPI32.dll
0x000007feffdc0000 - 0x000007feffe5f000 	C:\Windows\system32\msvcrt.dll
0x000007feff000000 - 0x000007feff01f000 	C:\Windows\SYSTEM32\sechost.dll
0x000007fefe540000 - 0x000007fefe66d000 	C:\Windows\system32\RPCRT4.dll
0x0000000077a00000 - 0x0000000077afa000 	C:\Windows\system32\USER32.dll
0x000007fefe1b0000 - 0x000007fefe217000 	C:\Windows\system32\GDI32.dll
0x000007feffdb0000 - 0x000007feffdbe000 	C:\Windows\system32\LPK.dll
0x000007feffe60000 - 0x000007fefff29000 	C:\Windows\system32\USP10.dll
0x000007fefc320000 - 0x000007fefc514000 	C:\Windows\WinSxS\amd64_microsoft.windows.common-controls_6595b64144ccf1df_6.0.7601.18837_none_fa3b1e3d17594757\COMCTL32.dll
0x000007fefeb30000 - 0x000007fefeba1000 	C:\Windows\system32\SHLWAPI.dll
0x000007fefe0e0000 - 0x000007fefe10e000 	C:\Windows\system32\IMM32.DLL
0x000007fefea20000 - 0x000007fefeb29000 	C:\Windows\system32\MSCTF.dll
0x000000006a900000 - 0x000000006a9d2000 	C:\Program Files\Java\jdk1.7.0_79\jre\bin\msvcr100.dll
0x0000000057ec0000 - 0x0000000058695000 	C:\Program Files\Java\jdk1.7.0_79\jre\bin\server\jvm.dll
0x000007fef9f30000 - 0x000007fef9f39000 	C:\Windows\system32\WSOCK32.dll
0x000007fefe4f0000 - 0x000007fefe53d000 	C:\Windows\system32\WS2_32.dll
0x000007fefdd90000 - 0x000007fefdd98000 	C:\Windows\system32\NSI.dll
0x000007fefa9b0000 - 0x000007fefa9eb000 	C:\Windows\system32\WINMM.dll
0x0000000077df0000 - 0x0000000077df7000 	C:\Windows\system32\PSAPI.DLL
0x00000000704d0000 - 0x00000000704df000 	C:\Program Files\Java\jdk1.7.0_79\jre\bin\verify.dll
0x00000000704a0000 - 0x00000000704c8000 	C:\Program Files\Java\jdk1.7.0_79\jre\bin\java.dll
0x000000006efb0000 - 0x000000006efc5000 	C:\Program Files\Java\jdk1.7.0_79\jre\bin\zip.dll

VM Arguments:
jvm_args: -Xmx1024M -Dfile.encoding=GBK -Duser.country=CN -Duser.language=zh -Duser.variant 
java_command: com.android.dx.command.Main --dex --num-threads=4 --output C:\Users\gaotong1\AndroidStudioProjects\Jiaxiao\app\build\intermediates\pre-dexed\debug\classes-386f5111f8e240b15a360a0cbff348bb18b4292b.jar C:\Users\gaotong1\AndroidStudioProjects\Jiaxiao\app\build\intermediates\exploded-aar\com.google.android.gms\play-services-location\7.0.0\jars\classes.jar
Launcher Type: SUN_STANDARD

Environment Variables:
PATH=C:\Program Files (x86)\Intel\iCLS Client\;C:\Program Files\Intel\iCLS Client\;C:\Windows\system32;C:\Windows;C:\Windows\System32\Wbem;C:\Windows\System32\WindowsPowerShell\v1.0\;C:\Program Files\Intel\Intel(R) Management Engine Components\DAL;C:\Program Files (x86)\Intel\Intel(R) Management Engine Components\DAL;C:\Program Files\Intel\Intel(R) Management Engine Components\IPT;C:\Program Files (x86)\Intel\Intel(R) Management Engine Components\IPT;C:\Program Files (x86)\Java\jdk1.7.0_79\bin
USERNAME=gaotong1
OS=Windows_NT
PROCESSOR_IDENTIFIER=Intel64 Family 6 Model 60 Stepping 3, GenuineIntel



---------------  S Y S T E M  ---------------

OS: Windows 7 , 64 bit Build 7601 Service Pack 1

CPU:total 8 (4 cores per cpu, 2 threads per core) family 6 model 60 stepping 3, cmov, cx8, fxsr, mmx, sse, sse2, sse3, ssse3, sse4.1, sse4.2, popcnt, avx, avx2, aes, erms, ht, tsc, tscinvbit

Memory: 4k page, physical 16683112k(3168924k free), swap 16681260k(4956k free)

vm_info: Java HotSpot(TM) 64-Bit Server VM (24.79-b02) for windows-amd64 JRE (1.7.0_79-b15), built on Apr 10 2015 12:36:16 by "java_re" with unknown MS VC++:1600

time: Tue Jul 14 18:10:48 2015
elapsed time: 1 seconds

