#
# There is insufficient memory for the Java Runtime Environment to continue.
# Native memory allocation (malloc) failed to allocate 1048576 bytes for AllocateHeap
# Possible reasons:
#   The system is out of physical RAM or swap space
#   In 32 bit mode, the process size limit was hit
# Possible solutions:
#   Reduce memory load on the system
#   Increase physical memory or swap space
#   Check if swap backing store is full
#   Use 64 bit Java on a 64 bit OS
#   Decrease Java heap size (-Xmx/-Xms)
#   Decrease number of Java threads
#   Decrease Java thread stack sizes (-Xss)
#   Set larger code cache with -XX:ReservedCodeCacheSize=
# This output file may be truncated or incomplete.
#
#  Out of Memory Error (memory/allocation.inline.hpp:61), pid=13592, tid=5412
#
# JRE version:  (7.0_79-b15) (build )
# Java VM: Java HotSpot(TM) 64-Bit Server VM (24.79-b02 mixed mode windows-amd64 compressed oops)
# Failed to write core dump. Minidumps are not enabled by default on client versions of Windows
#

---------------  T H R E A D  ---------------

Current thread (0x000000000036e000):  JavaThread "Unknown thread" [_thread_in_vm, id=5412, stack(0x0000000002420000,0x0000000002520000)]

Stack: [0x0000000002420000,0x0000000002520000]
[error occurred during error reporting (printing stack bounds), id 0xc0000005]


---------------  P R O C E S S  ---------------

Java Threads: ( => current thread )

Other Threads:

=>0x000000000036e000 (exited) JavaThread "Unknown thread" [_thread_in_vm, id=5412, stack(0x0000000002420000,0x0000000002520000)]

VM state:not at safepoint (normal execution)

VM Mutex/Monitor currently owned by a thread: None

Heap
 PSYoungGen      total 76288K, used 1310K [0x00000000eaa80000, 0x00000000eff80000, 0x0000000100000000)
  eden space 65536K, 2% used [0x00000000eaa80000,0x00000000eabc7b38,0x00000000eea80000)
  from space 10752K, 0% used [0x00000000ef500000,0x00000000ef500000,0x00000000eff80000)
  to   space 10752K, 0% used [0x00000000eea80000,0x00000000eea80000,0x00000000ef500000)
 ParOldGen       total 173568K, used 0K [0x00000000c0000000, 0x00000000ca980000, 0x00000000eaa80000)
  object space 173568K, 0% used [0x00000000c0000000,0x00000000c0000000,0x00000000ca980000)
 PSPermGen       total 21504K, used 697K [0x00000000bae00000, 0x00000000bc300000, 0x00000000c0000000)
  object space 21504K, 3% used [0x00000000bae00000,0x00000000baeae588,0x00000000bc300000)

Card table byte_map: [0x0000000005520000,0x0000000005750000] byte_map_base: 0x0000000004f49000

Polling page: 0x0000000000330000

Code Cache  [0x0000000002520000, 0x0000000002790000, 0x0000000005520000)
 total_blobs=38 nmethods=0 adapters=20 free_code_cache=48889Kb largest_free_block=50062528

Compilation events (0 events):
No events

GC Heap History (0 events):
No events

Deoptimization events (0 events):
No events

Internal exceptions (0 events):
No events

Events (10 events):
Event: 0.191 loading class 0x00000000089503e0
Event: 0.191 loading class 0x00000000089503e0 done
Event: 0.191 loading class 0x0000000008950430
Event: 0.191 loading class 0x0000000008950430 done
Event: 0.191 loading class 0x0000000008950480
Event: 0.191 loading class 0x0000000008950480 done
Event: 0.192 loading class 0x0000000008951200
Event: 0.192 loading class 0x0000000008951200 done
Event: 0.192 loading class 0x0000000008950e20
Event: 0.192 loading class 0x0000000008950e20 done


Dynamic libraries:
0x000000013f6b0000 - 0x000000013f6e3000 	C:\Program Files\Java\jdk1.7.0_79\bin\java.exe
0x0000000077c20000 - 0x0000000077dc8000 	C:\Windows\SYSTEM32\ntdll.dll
0x0000000077b00000 - 0x0000000077c1f000 	C:\Windows\system32\kernel32.dll
0x000007fefdc40000 - 0x000007fefdcac000 	C:\Windows\system32\KERNELBASE.dll
0x000007fefdda0000 - 0x000007fefde7b000 	C:\Windows\system32\ADVAPI32.dll
0x000007feffdc0000 - 0x000007feffe5f000 	C:\Windows\system32\msvcrt.dll
0x000007feff000000 - 0x000007feff01f000 	C:\Windows\SYSTEM32\sechost.dll
0x000007fefe540000 - 0x000007fefe66d000 	C:\Windows\system32\RPCRT4.dll
0x0000000077a00000 - 0x0000000077afa000 	C:\Windows\system32\USER32.dll
0x000007fefe1b0000 - 0x000007fefe217000 	C:\Windows\system32\GDI32.dll
0x000007feffdb0000 - 0x000007feffdbe000 	C:\Windows\system32\LPK.dll
0x000007feffe60000 - 0x000007fefff29000 	C:\Windows\system32\USP10.dll
0x000007fefc320000 - 0x000007fefc514000 	C:\Windows\WinSxS\amd64_microsoft.windows.common-controls_6595b64144ccf1df_6.0.7601.18837_none_fa3b1e3d17594757\COMCTL32.dll
0x000007fefeb30000 - 0x000007fefeba1000 	C:\Windows\system32\SHLWAPI.dll
0x000007fefe0e0000 - 0x000007fefe10e000 	C:\Windows\system32\IMM32.DLL
0x000007fefea20000 - 0x000007fefeb29000 	C:\Windows\system32\MSCTF.dll
0x000000006a900000 - 0x000000006a9d2000 	C:\Program Files\Java\jdk1.7.0_79\jre\bin\msvcr100.dll
0x0000000057ec0000 - 0x0000000058695000 	C:\Program Files\Java\jdk1.7.0_79\jre\bin\server\jvm.dll
0x000007fef9f30000 - 0x000007fef9f39000 	C:\Windows\system32\WSOCK32.dll
0x000007fefe4f0000 - 0x000007fefe53d000 	C:\Windows\system32\WS2_32.dll
0x000007fefdd90000 - 0x000007fefdd98000 	C:\Windows\system32\NSI.dll
0x000007fefa9b0000 - 0x000007fefa9eb000 	C:\Windows\system32\WINMM.dll
0x0000000077df0000 - 0x0000000077df7000 	C:\Windows\system32\PSAPI.DLL
0x00000000704d0000 - 0x00000000704df000 	C:\Program Files\Java\jdk1.7.0_79\jre\bin\verify.dll
0x00000000704a0000 - 0x00000000704c8000 	C:\Program Files\Java\jdk1.7.0_79\jre\bin\java.dll
0x000000006efb0000 - 0x000000006efc5000 	C:\Program Files\Java\jdk1.7.0_79\jre\bin\zip.dll

VM Arguments:
jvm_args: -Xmx1024M -Dfile.encoding=GBK -Duser.country=CN -Duser.language=zh -Duser.variant 
java_command: com.android.dx.command.Main --dex --num-threads=4 --output C:\Users\gaotong1\AndroidStudioProjects\Jiaxiao\app\build\intermediates\pre-dexed\debug\classes-1d1521613908adb9a41be73ecf2ed9de878cac96.jar C:\Users\gaotong1\AndroidStudioProjects\Jiaxiao\app\build\intermediates\exploded-aar\com.google.android.gms\play-services-games\7.0.0\jars\classes.jar
Launcher Type: SUN_STANDARD

Environment Variables:
PATH=C:\Program Files (x86)\Intel\iCLS Client\;C:\Program Files\Intel\iCLS Client\;C:\Windows\system32;C:\Windows;C:\Windows\System32\Wbem;C:\Windows\System32\WindowsPowerShell\v1.0\;C:\Program Files\Intel\Intel(R) Management Engine Components\DAL;C:\Program Files (x86)\Intel\Intel(R) Management Engine Components\DAL;C:\Program Files\Intel\Intel(R) Management Engine Components\IPT;C:\Program Files (x86)\Intel\Intel(R) Management Engine Components\IPT;C:\Program Files (x86)\Java\jdk1.7.0_79\bin
USERNAME=gaotong1
OS=Windows_NT
PROCESSOR_IDENTIFIER=Intel64 Family 6 Model 60 Stepping 3, GenuineIntel



---------------  S Y S T E M  ---------------

OS: Windows 7 , 64 bit Build 7601 Service Pack 1

CPU:total 8 (4 cores per cpu, 2 threads per core) family 6 model 60 stepping 3, cmov, cx8, fxsr, mmx, sse, sse2, sse3, ssse3, sse4.1, sse4.2, popcnt, avx, avx2, aes, erms, ht, tsc, tscinvbit

Memory: 4k page, physical 16683112k(2832548k free), swap 16681260k(5832k free)

vm_info: Java HotSpot(TM) 64-Bit Server VM (24.79-b02) for windows-amd64 JRE (1.7.0_79-b15), built on Apr 10 2015 12:36:16 by "java_re" with unknown MS VC++:1600

time: Tue Jul 14 18:05:25 2015
elapsed time: 0 seconds

